mode: set
github.com/edsalkeld/bbmb/server/protocol/codec.go:14.58,16.66 2 1
github.com/edsalkeld/bbmb/server/protocol/codec.go:16.66,18.3 1 0
github.com/edsalkeld/bbmb/server/protocol/codec.go:20.2,20.34 1 1
github.com/edsalkeld/bbmb/server/protocol/codec.go:20.34,22.3 1 1
github.com/edsalkeld/bbmb/server/protocol/codec.go:24.2,25.67 2 1
github.com/edsalkeld/bbmb/server/protocol/codec.go:25.67,27.3 1 0
github.com/edsalkeld/bbmb/server/protocol/codec.go:29.2,30.51 2 1
github.com/edsalkeld/bbmb/server/protocol/codec.go:30.51,32.3 1 0
github.com/edsalkeld/bbmb/server/protocol/codec.go:34.2,34.30 1 1
github.com/edsalkeld/bbmb/server/protocol/codec.go:37.73,40.66 2 1
github.com/edsalkeld/bbmb/server/protocol/codec.go:40.66,42.3 1 0
github.com/edsalkeld/bbmb/server/protocol/codec.go:44.2,44.67 1 1
github.com/edsalkeld/bbmb/server/protocol/codec.go:44.67,46.3 1 0
github.com/edsalkeld/bbmb/server/protocol/codec.go:48.2,48.44 1 1
github.com/edsalkeld/bbmb/server/protocol/codec.go:48.44,50.3 1 0
github.com/edsalkeld/bbmb/server/protocol/codec.go:52.2,52.12 1 1
github.com/edsalkeld/bbmb/server/protocol/codec.go:55.63,56.26 1 1
github.com/edsalkeld/bbmb/server/protocol/codec.go:56.26,58.3 1 0
github.com/edsalkeld/bbmb/server/protocol/codec.go:60.2,63.36 3 1
github.com/edsalkeld/bbmb/server/protocol/codec.go:63.36,65.3 1 0
github.com/edsalkeld/bbmb/server/protocol/codec.go:67.2,70.25 3 1
github.com/edsalkeld/bbmb/server/protocol/codec.go:73.37,79.2 5 1
github.com/edsalkeld/bbmb/server/protocol/codec.go:81.69,83.16 2 1
github.com/edsalkeld/bbmb/server/protocol/codec.go:83.16,85.3 1 0
github.com/edsalkeld/bbmb/server/protocol/codec.go:87.2,89.8 1 1
github.com/edsalkeld/bbmb/server/protocol/codec.go:92.66,94.2 1 0
github.com/edsalkeld/bbmb/server/protocol/codec.go:96.67,100.16 3 1
github.com/edsalkeld/bbmb/server/protocol/codec.go:100.16,102.3 1 0
github.com/edsalkeld/bbmb/server/protocol/codec.go:103.2,106.16 3 1
github.com/edsalkeld/bbmb/server/protocol/codec.go:106.16,108.3 1 0
github.com/edsalkeld/bbmb/server/protocol/codec.go:109.2,112.16 3 1
github.com/edsalkeld/bbmb/server/protocol/codec.go:112.16,114.3 1 0
github.com/edsalkeld/bbmb/server/protocol/codec.go:116.2,120.8 1 1
github.com/edsalkeld/bbmb/server/protocol/codec.go:123.64,125.29 2 1
github.com/edsalkeld/bbmb/server/protocol/codec.go:125.29,127.3 1 1
github.com/edsalkeld/bbmb/server/protocol/codec.go:128.2,128.12 1 1
github.com/edsalkeld/bbmb/server/protocol/codec.go:131.73,133.16 2 1
github.com/edsalkeld/bbmb/server/protocol/codec.go:133.16,135.3 1 0
github.com/edsalkeld/bbmb/server/protocol/codec.go:137.2,137.29 1 1
github.com/edsalkeld/bbmb/server/protocol/codec.go:137.29,139.3 1 0
github.com/edsalkeld/bbmb/server/protocol/codec.go:141.2,146.8 2 1
github.com/edsalkeld/bbmb/server/protocol/codec.go:149.70,151.29 2 1
github.com/edsalkeld/bbmb/server/protocol/codec.go:151.29,155.3 3 1
github.com/edsalkeld/bbmb/server/protocol/codec.go:156.2,156.12 1 1
github.com/edsalkeld/bbmb/server/protocol/codec.go:159.73,163.16 3 1
github.com/edsalkeld/bbmb/server/protocol/codec.go:163.16,165.3 1 0
github.com/edsalkeld/bbmb/server/protocol/codec.go:166.2,169.16 3 1
github.com/edsalkeld/bbmb/server/protocol/codec.go:169.16,171.3 1 0
github.com/edsalkeld/bbmb/server/protocol/codec.go:173.2,176.8 1 1
github.com/edsalkeld/bbmb/server/protocol/codec.go:179.70,181.2 1 0
github.com/edsalkeld/bbmb/server/queue/manager.go:14.28,18.2 1 0
github.com/edsalkeld/bbmb/server/queue/manager.go:20.52,22.2 1 0
github.com/edsalkeld/bbmb/server/queue/manager.go:24.44,28.42 3 0
github.com/edsalkeld/bbmb/server/queue/manager.go:28.42,30.3 1 0
github.com/edsalkeld/bbmb/server/queue/manager.go:33.56,39.2 4 0
github.com/edsalkeld/bbmb/server/queue/manager.go:41.36,45.2 3 0
github.com/edsalkeld/bbmb/server/queue/manager.go:47.63,49.12 2 0
github.com/edsalkeld/bbmb/server/queue/manager.go:49.12,50.22 1 0
github.com/edsalkeld/bbmb/server/queue/manager.go:50.22,53.31 3 0
github.com/edsalkeld/bbmb/server/queue/manager.go:53.31,55.5 1 0
github.com/edsalkeld/bbmb/server/queue/manager.go:56.4,59.29 3 0
github.com/edsalkeld/bbmb/server/queue/manager.go:59.29,62.5 2 0
github.com/edsalkeld/bbmb/server/queue/manager.go:64.4,64.53 1 0
github.com/edsalkeld/bbmb/server/queue/manager.go:64.53,66.5 1 0
github.com/edsalkeld/bbmb/server/queue/manager.go:71.43,76.29 4 0
github.com/edsalkeld/bbmb/server/queue/manager.go:76.29,78.3 1 0
github.com/edsalkeld/bbmb/server/queue/manager.go:79.2,79.15 1 0
github.com/edsalkeld/bbmb/server/queue/message.go:25.61,27.16 2 1
github.com/edsalkeld/bbmb/server/queue/message.go:27.16,29.3 1 0
github.com/edsalkeld/bbmb/server/queue/message.go:31.2,36.8 1 1
github.com/edsalkeld/bbmb/server/queue/message.go:39.37,41.44 2 1
github.com/edsalkeld/bbmb/server/queue/message.go:41.44,43.3 1 0
github.com/edsalkeld/bbmb/server/queue/message.go:44.2,44.39 1 1
github.com/edsalkeld/bbmb/server/queue/queue.go:20.35,25.2 1 1
github.com/edsalkeld/bbmb/server/queue/queue.go:27.35,31.2 3 1
github.com/edsalkeld/bbmb/server/queue/queue.go:33.62,37.33 3 1
github.com/edsalkeld/bbmb/server/queue/queue.go:37.33,38.34 1 1
github.com/edsalkeld/bbmb/server/queue/queue.go:38.34,42.4 3 1
github.com/edsalkeld/bbmb/server/queue/queue.go:45.2,45.27 1 1
github.com/edsalkeld/bbmb/server/queue/queue.go:48.41,52.33 3 1
github.com/edsalkeld/bbmb/server/queue/queue.go:52.33,53.19 1 1
github.com/edsalkeld/bbmb/server/queue/queue.go:53.19,56.4 2 1
github.com/edsalkeld/bbmb/server/queue/queue.go:59.2,59.27 1 1
github.com/edsalkeld/bbmb/server/queue/queue.go:62.39,69.33 5 1
github.com/edsalkeld/bbmb/server/queue/queue.go:69.33,70.61 1 1
github.com/edsalkeld/bbmb/server/queue/queue.go:70.61,73.4 2 1
github.com/edsalkeld/bbmb/server/queue/queue.go:76.2,76.14 1 1
github.com/edsalkeld/bbmb/server/queue/queue.go:79.28,83.2 3 1
github.com/edsalkeld/bbmb/server/queue/queue.go:85.38,90.33 4 1
github.com/edsalkeld/bbmb/server/queue/queue.go:90.33,91.34 1 1
github.com/edsalkeld/bbmb/server/queue/queue.go:91.34,93.4 1 1
github.com/edsalkeld/bbmb/server/queue/queue.go:95.2,95.14 1 1
github.com/edsalkeld/bbmb/server/queue/queue.go:98.31,100.2 1 0
github.com/edsalkeld/bbmb/server/main.go:18.13,24.45 4 0
github.com/edsalkeld/bbmb/server/main.go:24.45,25.30 1 0
github.com/edsalkeld/bbmb/server/main.go:25.30,27.4 1 0
github.com/edsalkeld/bbmb/server/main.go:30.2,36.39 4 0
github.com/edsalkeld/bbmb/server/main.go:36.39,38.3 1 0
github.com/edsalkeld/bbmb/server/metrics/prometheus.go:24.54,29.2 1 0
github.com/edsalkeld/bbmb/server/metrics/prometheus.go:31.41,33.2 1 0
github.com/edsalkeld/bbmb/server/metrics/prometheus.go:35.44,37.2 1 0
github.com/edsalkeld/bbmb/server/metrics/prometheus.go:39.43,41.2 1 0
github.com/edsalkeld/bbmb/server/metrics/prometheus.go:43.44,45.2 1 0
github.com/edsalkeld/bbmb/server/metrics/prometheus.go:47.45,49.2 1 0
github.com/edsalkeld/bbmb/server/metrics/prometheus.go:51.45,53.2 1 0
github.com/edsalkeld/bbmb/server/metrics/prometheus.go:55.71,104.27 36 0
github.com/edsalkeld/bbmb/server/metrics/prometheus.go:104.27,116.3 9 0
github.com/edsalkeld/bbmb/server/metrics/prometheus.go:119.49,122.58 3 0
github.com/edsalkeld/bbmb/server/metrics/prometheus.go:122.58,124.3 1 0
github.com/edsalkeld/bbmb/server/tcp/server.go:21.94,27.2 1 0
github.com/edsalkeld/bbmb/server/tcp/server.go:29.32,31.16 2 0
github.com/edsalkeld/bbmb/server/tcp/server.go:31.16,33.3 1 0
github.com/edsalkeld/bbmb/server/tcp/server.go:35.2,37.6 2 0
github.com/edsalkeld/bbmb/server/tcp/server.go:37.6,39.17 2 0
github.com/edsalkeld/bbmb/server/tcp/server.go:39.17,41.12 2 0
github.com/edsalkeld/bbmb/server/tcp/server.go:44.3,44.30 1 0
github.com/edsalkeld/bbmb/server/tcp/server.go:48.50,50.15 2 0
github.com/edsalkeld/bbmb/server/tcp/server.go:50.15,53.3 2 0
github.com/edsalkeld/bbmb/server/tcp/server.go:55.2,55.6 1 0
github.com/edsalkeld/bbmb/server/tcp/server.go:55.6,57.17 2 0
github.com/edsalkeld/bbmb/server/tcp/server.go:57.17,58.28 1 0
github.com/edsalkeld/bbmb/server/tcp/server.go:58.28,60.5 1 0
github.com/edsalkeld/bbmb/server/tcp/server.go:61.4,61.10 1 0
github.com/edsalkeld/bbmb/server/tcp/server.go:64.3,66.18 2 0
github.com/edsalkeld/bbmb/server/tcp/server.go:67.32,68.43 1 0
github.com/edsalkeld/bbmb/server/tcp/server.go:69.31,70.42 1 0
github.com/edsalkeld/bbmb/server/tcp/server.go:71.34,72.45 1 0
github.com/edsalkeld/bbmb/server/tcp/server.go:73.34,74.45 1 0
github.com/edsalkeld/bbmb/server/tcp/server.go:75.11,77.10 2 0
github.com/edsalkeld/bbmb/server/tcp/server.go:80.3,80.70 1 0
github.com/edsalkeld/bbmb/server/tcp/server.go:80.70,83.4 2 0
github.com/edsalkeld/bbmb/server/tcp/server.go:87.59,89.16 2 0
github.com/edsalkeld/bbmb/server/tcp/server.go:89.16,93.3 1 0
github.com/edsalkeld/bbmb/server/tcp/server.go:95.2,99.4 2 0
github.com/edsalkeld/bbmb/server/tcp/server.go:102.58,104.16 2 0
github.com/edsalkeld/bbmb/server/tcp/server.go:104.16,108.3 1 0
github.com/edsalkeld/bbmb/server/tcp/server.go:110.2,110.48 1 0
github.com/edsalkeld/bbmb/server/tcp/server.go:110.48,114.3 1 0
github.com/edsalkeld/bbmb/server/tcp/server.go:116.2,119.38 3 0
github.com/edsalkeld/bbmb/server/tcp/server.go:119.38,123.3 1 0
github.com/edsalkeld/bbmb/server/tcp/server.go:125.2,126.13 2 0
github.com/edsalkeld/bbmb/server/tcp/server.go:126.13,129.3 2 0
github.com/edsalkeld/bbmb/server/tcp/server.go:131.2,132.16 2 0
github.com/edsalkeld/bbmb/server/tcp/server.go:132.16,136.3 1 0
github.com/edsalkeld/bbmb/server/tcp/server.go:138.2,144.4 3 0
github.com/edsalkeld/bbmb/server/tcp/server.go:147.61,149.16 2 0
github.com/edsalkeld/bbmb/server/tcp/server.go:149.16,153.3 1 0
github.com/edsalkeld/bbmb/server/tcp/server.go:155.2,156.13 2 0
github.com/edsalkeld/bbmb/server/tcp/server.go:156.13,160.3 1 0
github.com/edsalkeld/bbmb/server/tcp/server.go:162.2,163.32 2 0
github.com/edsalkeld/bbmb/server/tcp/server.go:163.32,167.3 1 0
github.com/edsalkeld/bbmb/server/tcp/server.go:168.2,168.16 1 0
github.com/edsalkeld/bbmb/server/tcp/server.go:168.16,172.3 1 0
github.com/edsalkeld/bbmb/server/tcp/server.go:174.2,181.4 2 0
github.com/edsalkeld/bbmb/server/tcp/server.go:184.61,186.16 2 0
github.com/edsalkeld/bbmb/server/tcp/server.go:186.16,190.3 1 0
github.com/edsalkeld/bbmb/server/tcp/server.go:192.2,193.13 2 0
github.com/edsalkeld/bbmb/server/tcp/server.go:193.13,197.3 1 0
github.com/edsalkeld/bbmb/server/tcp/server.go:199.2,200.37 2 0
github.com/edsalkeld/bbmb/server/tcp/server.go:200.37,204.3 1 0
github.com/edsalkeld/bbmb/server/tcp/server.go:205.2,205.16 1 0
github.com/edsalkeld/bbmb/server/tcp/server.go:205.16,209.3 1 0
github.com/edsalkeld/bbmb/server/tcp/server.go:211.2,215.4 2 0
